<?xml version="1.0" encoding="UTF-8"?>
<!-- Generated by org.testng.reporters.JUnitXMLReporter -->
<testsuite ignored="0" hostname="DESKTOP-N8DSVKF" failures="0" tests="2" name="Failed Scenario" time="60.692" errors="0" timestamp="2023-11-05T13:07:27 WAT">
  <testcase classname="intrTrainingSeleniumWithRahul.FailedScenario" name="failedConnexion" time="6.614"/>
  <testcase classname="intrTrainingSeleniumWithRahul.FailedScenario" name="failedAddedItemToCard" time="12.479"/>
</testsuite> <!-- Failed Scenario -->
