<?xml version="1.0" encoding="UTF-8"?>
<!-- Generated by org.testng.reporters.JUnitXMLReporter -->
<testsuite ignored="0" hostname="DESKTOP-N8DSVKF" failures="0" tests="3" name="Submit Order" time="87.639" errors="0" timestamp="2023-11-05T13:07:53 WAT">
  <testcase classname="intrTrainingSeleniumWithRahul.StandAlonetest" name="submitOrder" time="14.297"/>
  <testcase classname="intrTrainingSeleniumWithRahul.StandAlonetest" name="submitOrder" time="13.802"/>
  <testcase classname="intrTrainingSeleniumWithRahul.StandAlonetest" name="checkSubmittedorder" time="6.597"/>
</testsuite> <!-- Submit Order -->
